<?xml version="1.0" encoding="UTF-8"?>
<testng-results total="2" passed="2" failed="0" skipped="0">
  <reporter-output>
  </reporter-output>
  <suite started-at="2024-01-08T17:02:45Z" name="Suite" finished-at="2024-01-08T17:02:45Z" duration-ms="23">
    <groups>
    </groups>
    <test started-at="2024-01-08T17:02:45Z" name="Test" finished-at="2024-01-08T17:02:45Z" duration-ms="23">
      <class name="modules.UVTest">
        <test-method signature="TC_1()[pri:0, instance:modules.UVTest@550dbc7a]" started-at="2024-01-08T22:32:45Z" name="TC_1" finished-at="2024-01-08T22:32:45Z" duration-ms="9" status="PASS">
          <reporter-output>
          </reporter-output>
        </test-method> <!-- TC_1 -->
        <test-method signature="TC_2()[pri:0, instance:modules.UVTest@550dbc7a]" started-at="2024-01-08T22:32:45Z" name="TC_2" finished-at="2024-01-08T22:32:45Z" duration-ms="0" status="PASS">
          <reporter-output>
          </reporter-output>
        </test-method> <!-- TC_2 -->
      </class> <!-- modules.UVTest -->
    </test> <!-- Test -->
  </suite> <!-- Suite -->
</testng-results>
